SF:lib/src/object.dart
DA:14,3
DA:15,3
DA:17,3
DA:18,3
DA:25,3
DA:27,3
DA:31,15
DA:33,8
DA:34,3
DA:35,3
DA:39,0
DA:41,0
DA:44,0
DA:53,3
DA:54,3
DA:55,3
DA:56,6
DA:57,15
DA:60,3
DA:61,18
DA:65,0
DA:67,0
DA:68,0
DA:71,3
DA:73,3
DA:74,3
DA:75,3
DA:76,3
DA:78,15
DA:79,6
DA:87,2
DA:88,2
DA:89,0
DA:90,0
DA:92,4
DA:93,5
DA:97,0
DA:99,0
DA:102,3
DA:103,3
DA:104,6
DA:108,2
DA:110,2
DA:111,2
DA:112,2
DA:124,3
DA:125,3
DA:126,6
DA:127,9
DA:128,9
DA:131,3
DA:133,3
DA:134,3
DA:135,3
DA:136,3
DA:138,6
DA:139,9
DA:140,3
DA:143,1
DA:145,2
DA:146,3
DA:152,6
DA:154,3
DA:156,3
DA:157,3
DA:158,9
DA:160,0
DA:161,0
DA:163,3
DA:164,3
DA:168,3
DA:169,3
DA:170,3
DA:172,0
DA:174,3
DA:175,6
DA:177,3
DA:178,3
DA:179,3
DA:180,3
DA:181,6
DA:182,3
DA:187,2
DA:189,4
DA:198,3
DA:200,3
DA:201,6
DA:203,3
DA:206,6
DA:208,3
DA:210,3
DA:211,6
DA:212,3
DA:214,6
DA:215,12
DA:217,0
DA:218,12
DA:219,3
DA:221,0
DA:223,0
DA:229,3
DA:232,3
DA:233,3
DA:234,1
DA:235,3
DA:236,6
DA:237,3
DA:239,3
DA:241,6
DA:242,5
DA:243,0
DA:244,3
DA:247,2
DA:248,4
DA:249,4
DA:250,2
DA:253,3
DA:255,3
DA:256,6
DA:258,3
DA:259,6
DA:260,8
DA:262,3
DA:263,0
DA:266,6
DA:267,6
DA:268,6
DA:272,3
DA:273,3
DA:274,3
DA:275,6
DA:281,3
DA:282,3
DA:283,3
DA:284,3
DA:285,3
DA:290,3
DA:292,3
DA:293,6
DA:294,6
DA:300,3
DA:302,3
DA:305,3
DA:307,3
DA:310,0
DA:312,0
LF:146
LH:126
end_of_record
SF:lib/src/isolate.dart
DA:11,9
DA:20,3
DA:21,3
DA:22,5
DA:23,6
DA:24,3
DA:25,3
DA:26,3
DA:27,9
DA:28,9
DA:32,3
DA:33,2
DA:34,2
DA:35,4
DA:36,6
DA:37,4
DA:41,3
DA:42,2
DA:43,4
DA:44,6
DA:45,2
DA:46,4
DA:48,2
DA:49,6
DA:50,2
DA:51,6
DA:54,2
DA:55,2
DA:61,3
DA:62,3
DA:63,5
DA:64,3
DA:65,3
DA:66,3
DA:67,9
DA:68,9
DA:72,3
DA:73,6
DA:74,3
DA:77,2
DA:78,2
DA:79,2
DA:80,4
DA:81,2
DA:82,6
DA:83,6
DA:84,2
DA:85,4
DA:86,6
DA:88,4
DA:91,2
DA:93,2
DA:94,2
DA:95,4
DA:96,6
DA:97,4
DA:104,2
DA:105,2
DA:106,2
DA:107,4
DA:108,2
DA:109,2
DA:110,1
DA:111,2
DA:113,1
DA:116,0
DA:118,0
DA:119,0
DA:122,0
DA:124,0
DA:125,0
DA:126,0
DA:127,0
DA:128,0
DA:129,0
DA:133,4
DA:135,2
DA:137,2
DA:138,2
DA:139,4
DA:140,2
DA:141,2
DA:142,2
DA:145,2
DA:147,4
DA:148,2
DA:149,2
DA:153,4
DA:156,0
DA:157,0
DA:161,4
DA:182,1
DA:188,1
DA:189,1
DA:190,1
DA:191,1
DA:193,1
DA:194,1
DA:195,1
DA:199,1
DA:200,2
DA:201,2
DA:202,1
DA:205,1
DA:206,1
DA:208,2
DA:209,1
DA:210,2
DA:212,0
DA:215,0
DA:218,0
DA:219,0
DA:221,0
DA:223,0
DA:227,0
DA:228,0
DA:229,0
DA:230,0
DA:232,2
DA:236,1
DA:237,1
DA:238,1
DA:240,2
DA:241,1
DA:242,2
DA:244,1
DA:246,2
DA:247,1
DA:248,1
DA:249,0
DA:250,1
DA:256,1
DA:261,1
DA:262,1
DA:263,2
DA:264,2
DA:269,1
DA:271,2
DA:272,1
DA:273,2
DA:274,0
DA:275,1
LF:142
LH:118
end_of_record
SF:lib/src/wrapper.dart
DA:10,2
DA:11,2
DA:14,2
DA:18,1
DA:22,2
DA:29,2
DA:30,4
DA:31,4
DA:35,2
DA:38,4
DA:39,2
DA:42,3
DA:48,3
DA:49,6
DA:50,6
DA:51,6
DA:52,3
DA:56,3
DA:58,6
DA:59,3
DA:60,3
DA:61,3
DA:62,4
DA:63,2
DA:64,4
DA:65,4
DA:68,12
DA:69,3
DA:70,9
DA:72,12
DA:73,6
DA:74,3
DA:75,3
DA:76,3
DA:77,3
DA:78,3
DA:79,3
DA:80,3
DA:81,3
DA:82,3
DA:83,6
DA:84,6
DA:85,2
DA:86,4
DA:87,6
DA:88,3
DA:89,3
DA:93,3
DA:94,7
DA:95,7
DA:96,7
DA:97,6
DA:98,3
DA:99,0
DA:100,0
DA:101,0
DA:102,0
DA:103,0
DA:106,3
DA:107,6
DA:109,3
DA:110,4
DA:111,2
DA:112,6
DA:113,4
DA:117,3
DA:118,4
DA:119,2
DA:120,4
DA:121,6
DA:126,3
DA:128,15
DA:129,3
DA:130,6
DA:133,6
DA:135,3
DA:136,6
DA:137,3
DA:143,3
DA:145,3
DA:146,6
DA:147,9
DA:148,4
DA:151,3
DA:152,6
DA:153,3
DA:154,4
DA:155,3
DA:156,3
DA:157,3
DA:158,6
DA:159,9
DA:161,3
DA:162,6
DA:163,3
DA:166,6
DA:167,3
DA:168,3
DA:169,6
DA:170,0
DA:172,6
DA:173,3
DA:174,2
DA:176,9
DA:177,3
DA:178,9
DA:179,2
DA:180,2
DA:182,8
DA:183,2
DA:184,2
DA:185,9
DA:186,3
DA:188,3
DA:189,3
DA:190,3
DA:191,8
DA:192,3
DA:193,6
DA:194,3
DA:195,3
DA:196,6
DA:198,2
DA:199,2
DA:200,4
DA:203,3
DA:204,3
DA:205,9
DA:206,3
DA:207,0
DA:208,3
DA:209,6
DA:210,2
DA:211,4
DA:212,2
DA:213,2
DA:214,4
DA:215,2
DA:216,4
DA:217,2
DA:223,8
DA:224,0
DA:225,0
DA:228,2
DA:229,2
DA:230,2
DA:231,2
DA:232,4
DA:233,6
DA:234,4
DA:235,4
DA:236,4
DA:237,2
DA:238,2
DA:239,2
DA:240,4
DA:242,6
DA:243,2
LF:158
LH:149
end_of_record
SF:lib/src/engine.dart
DA:33,3
DA:39,3
DA:40,3
DA:41,6
DA:44,3
DA:45,3
DA:46,9
DA:47,3
DA:48,6
DA:49,6
DA:51,3
DA:52,15
DA:56,3
DA:58,3
DA:60,3
DA:62,3
DA:64,6
DA:66,3
DA:67,1
DA:68,2
DA:69,2
DA:70,1
DA:71,2
DA:72,1
DA:74,1
DA:75,3
DA:76,2
DA:77,2
DA:78,4
DA:80,0
DA:82,2
DA:83,3
DA:84,3
DA:85,9
DA:86,3
DA:88,0
DA:90,0
DA:91,0
DA:92,0
DA:94,0
DA:95,0
DA:96,0
DA:98,0
DA:99,0
DA:100,0
DA:101,0
DA:102,0
DA:103,0
DA:107,3
DA:108,3
DA:109,3
DA:110,3
DA:111,6
DA:115,3
DA:116,3
DA:117,3
DA:118,3
DA:119,3
DA:120,6
DA:122,3
DA:124,3
DA:125,1
DA:126,1
DA:130,3
DA:131,3
DA:132,3
DA:135,6
DA:136,3
DA:137,3
DA:144,3
DA:145,9
DA:146,3
DA:151,3
DA:156,3
DA:157,3
DA:158,3
DA:164,9
DA:165,1
DA:166,1
DA:168,3
DA:169,3
LF:81
LH:67
end_of_record
SF:lib/src/ffi.dart
DA:14,3
DA:16,3
DA:17,3
DA:25,3
DA:26,6
DA:29,3
DA:30,6
DA:31,9
DA:36,3
DA:37,7
DA:40,3
DA:41,7
DA:44,3
DA:51,3
DA:52,3
DA:53,3
DA:54,12
DA:56,3
DA:57,2
DA:58,10
DA:60,3
DA:61,2
DA:116,15
DA:117,3
DA:118,3
DA:119,0
DA:120,0
DA:121,0
DA:122,0
DA:123,0
DA:124,0
DA:125,0
DA:126,0
DA:132,0
DA:142,0
DA:147,9
DA:148,3
DA:159,9
DA:160,3
DA:172,3
DA:174,6
DA:176,9
DA:178,9
DA:180,3
DA:181,6
DA:185,9
DA:187,3
DA:192,3
DA:193,3
DA:194,6
DA:195,12
DA:198,3
DA:202,6
DA:203,9
DA:211,0
DA:223,9
DA:224,3
DA:231,3
DA:234,3
DA:235,6
DA:238,12
DA:240,3
DA:241,12
DA:243,6
DA:244,2
DA:245,2
DA:246,4
DA:247,1
DA:248,6
DA:249,1
DA:252,6
DA:253,6
DA:254,1
DA:255,1
DA:263,9
DA:264,3
DA:275,9
DA:276,3
DA:283,3
DA:284,6
DA:285,6
DA:286,0
DA:287,6
DA:294,9
DA:295,3
DA:305,9
DA:306,3
DA:320,9
DA:321,3
DA:332,3
DA:338,3
DA:339,3
DA:340,6
DA:343,3
DA:347,3
DA:348,3
DA:349,21
DA:356,9
DA:357,3
DA:367,9
DA:368,3
DA:378,9
DA:379,3
DA:390,6
DA:391,2
DA:403,6
DA:404,2
DA:416,6
DA:417,2
DA:429,9
DA:430,3
DA:438,3
DA:442,3
DA:443,6
DA:444,3
DA:453,0
DA:466,6
DA:467,2
DA:477,6
DA:478,2
DA:490,9
DA:491,3
DA:500,3
DA:505,6
DA:513,0
DA:523,0
DA:528,0
DA:535,9
DA:536,3
DA:548,0
DA:561,6
DA:562,2
DA:574,6
DA:575,2
DA:587,6
DA:588,2
DA:600,9
DA:601,3
DA:613,9
DA:614,3
DA:622,3
DA:626,6
DA:627,6
DA:628,3
DA:629,6
DA:637,9
DA:638,3
DA:646,3
DA:650,3
DA:651,6
DA:655,3
DA:664,9
DA:665,3
DA:678,9
DA:679,3
DA:692,9
DA:693,3
DA:706,9
DA:707,3
DA:719,9
DA:720,3
DA:732,6
DA:733,2
DA:745,9
DA:746,3
DA:757,6
DA:758,2
DA:771,9
DA:772,3
DA:789,6
DA:790,2
DA:805,9
DA:806,3
DA:818,9
DA:819,3
DA:831,6
DA:832,2
DA:848,6
DA:849,2
DA:864,6
DA:865,2
DA:874,9
DA:875,3
DA:878,12
DA:885,9
DA:886,3
DA:903,9
DA:904,3
DA:915,3
DA:922,15
DA:923,3
DA:924,9
DA:925,3
DA:926,6
DA:928,6
DA:930,9
DA:931,3
DA:932,3
DA:933,21
DA:940,9
DA:941,3
DA:951,3
DA:952,1
DA:962,9
DA:963,3
DA:974,9
DA:975,3
DA:987,6
DA:988,2
LF:209
LH:192
end_of_record
